2021-05-26 15:52:30,456 INFO org.springframework.boot.StartupInfoLogger [restartedMain] Starting Application on HUGO-PEREZ with PID 12840 (started by hugo.perez in C:\Users\hugo.perez\Desktop\Ceiba - ADN\api\banco\java-arquitectura-hexagonal\microservicio)
2021-05-26 15:52:30,459 INFO org.springframework.boot.SpringApplication [restartedMain] No active profile set, falling back to default profiles: default
2021-05-26 15:52:30,488 INFO org.springframework.boot.logging.DeferredLog [restartedMain] Devtools property defaults active! Set 'spring.devtools.add-properties' to 'false' to disable
2021-05-26 15:52:30,488 INFO org.springframework.boot.logging.DeferredLog [restartedMain] For additional web related logging consider setting the 'logging.level.web' property to 'DEBUG'
2021-05-26 15:52:31,308 INFO com.ulisesbocchio.jasyptspringboot.configuration.EnableEncryptablePropertiesBeanFactoryPostProcessor [restartedMain] Post-processing PropertySource instances
2021-05-26 15:52:31,355 INFO com.ulisesbocchio.jasyptspringboot.EncryptablePropertySourceConverter [restartedMain] Converting PropertySource configurationProperties [org.springframework.boot.context.properties.source.ConfigurationPropertySourcesPropertySource] to AOP Proxy
2021-05-26 15:52:31,356 INFO com.ulisesbocchio.jasyptspringboot.EncryptablePropertySourceConverter [restartedMain] Converting PropertySource servletConfigInitParams [org.springframework.core.env.PropertySource$StubPropertySource] to EncryptablePropertySourceWrapper
2021-05-26 15:52:31,356 INFO com.ulisesbocchio.jasyptspringboot.EncryptablePropertySourceConverter [restartedMain] Converting PropertySource servletContextInitParams [org.springframework.core.env.PropertySource$StubPropertySource] to EncryptablePropertySourceWrapper
2021-05-26 15:52:31,357 INFO com.ulisesbocchio.jasyptspringboot.EncryptablePropertySourceConverter [restartedMain] Converting PropertySource systemProperties [org.springframework.core.env.PropertiesPropertySource] to EncryptableMapPropertySourceWrapper
2021-05-26 15:52:31,357 INFO com.ulisesbocchio.jasyptspringboot.EncryptablePropertySourceConverter [restartedMain] Converting PropertySource systemEnvironment [org.springframework.boot.env.SystemEnvironmentPropertySourceEnvironmentPostProcessor$OriginAwareSystemEnvironmentPropertySource] to EncryptableMapPropertySourceWrapper
2021-05-26 15:52:31,357 INFO com.ulisesbocchio.jasyptspringboot.EncryptablePropertySourceConverter [restartedMain] Converting PropertySource random [org.springframework.boot.env.RandomValuePropertySource] to EncryptablePropertySourceWrapper
2021-05-26 15:52:31,357 INFO com.ulisesbocchio.jasyptspringboot.EncryptablePropertySourceConverter [restartedMain] Converting PropertySource applicationConfig: [classpath:/application.yaml] [org.springframework.boot.env.OriginTrackedMapPropertySource] to EncryptableMapPropertySourceWrapper
2021-05-26 15:52:31,358 INFO com.ulisesbocchio.jasyptspringboot.EncryptablePropertySourceConverter [restartedMain] Converting PropertySource devtools [org.springframework.core.env.MapPropertySource] to EncryptableMapPropertySourceWrapper
2021-05-26 15:52:31,376 INFO com.ulisesbocchio.jasyptspringboot.filter.DefaultLazyPropertyFilter [restartedMain] Property Filter custom Bean not found with name 'encryptablePropertyFilter'. Initializing Default Property Filter
2021-05-26 15:52:31,402 INFO org.springframework.context.support.PostProcessorRegistrationDelegate$BeanPostProcessorChecker [restartedMain] Bean 'org.springframework.transaction.annotation.ProxyTransactionManagementConfiguration' of type [org.springframework.transaction.annotation.ProxyTransactionManagementConfiguration] is not eligible for getting processed by all BeanPostProcessors (for example: not eligible for auto-proxying)
2021-05-26 15:52:31,446 INFO com.ulisesbocchio.jasyptspringboot.resolver.DefaultLazyPropertyResolver [restartedMain] Property Resolver custom Bean not found with name 'encryptablePropertyResolver'. Initializing Default Property Resolver
2021-05-26 15:52:31,447 INFO com.ulisesbocchio.jasyptspringboot.detector.DefaultLazyPropertyDetector [restartedMain] Property Detector custom Bean not found with name 'encryptablePropertyDetector'. Initializing Default Property Detector
2021-05-26 15:52:31,717 WARN io.undertow.websockets.jsr.Bootstrap [restartedMain] UT026010: Buffer pool was not set on WebSocketDeploymentInfo, the default pool will be used
2021-05-26 15:52:31,731 INFO io.undertow.servlet.spec.ServletContextImpl [restartedMain] Initializing Spring embedded WebApplicationContext
2021-05-26 15:52:31,732 INFO org.springframework.boot.web.servlet.context.ServletWebServerApplicationContext [restartedMain] Root WebApplicationContext: initialization completed in 1244 ms
2021-05-26 15:52:31,801 INFO com.ulisesbocchio.jasyptspringboot.encryptor.DefaultLazyEncryptor [restartedMain] String Encryptor custom Bean not found with name 'jasyptStringEncryptor'. Initializing Default String Encryptor
2021-05-26 15:52:31,805 INFO com.ulisesbocchio.jasyptspringboot.encryptor.DefaultLazyEncryptor [restartedMain] Encryptor config not found for property jasypt.encryptor.keyObtentionIterations, using default value: 1000
2021-05-26 15:52:31,806 INFO com.ulisesbocchio.jasyptspringboot.encryptor.DefaultLazyEncryptor [restartedMain] Encryptor config not found for property jasypt.encryptor.poolSize, using default value: 1
2021-05-26 15:52:31,806 INFO com.ulisesbocchio.jasyptspringboot.encryptor.DefaultLazyEncryptor [restartedMain] Encryptor config not found for property jasypt.encryptor.providerName, using default value: null
2021-05-26 15:52:31,806 INFO com.ulisesbocchio.jasyptspringboot.encryptor.DefaultLazyEncryptor [restartedMain] Encryptor config not found for property jasypt.encryptor.providerClassName, using default value: null
2021-05-26 15:52:31,806 INFO com.ulisesbocchio.jasyptspringboot.encryptor.DefaultLazyEncryptor [restartedMain] Encryptor config not found for property jasypt.encryptor.saltGeneratorClassname, using default value: org.jasypt.salt.RandomSaltGenerator
2021-05-26 15:52:31,807 INFO com.ulisesbocchio.jasyptspringboot.encryptor.DefaultLazyEncryptor [restartedMain] Encryptor config not found for property jasypt.encryptor.ivGeneratorClassname, using default value: org.jasypt.salt.NoOpIVGenerator
2021-05-26 15:52:31,808 INFO com.ulisesbocchio.jasyptspringboot.encryptor.DefaultLazyEncryptor [restartedMain] Encryptor config not found for property jasypt.encryptor.stringOutputType, using default value: base64
2021-05-26 15:52:32,006 INFO com.zaxxer.hikari.HikariDataSource [restartedMain] pool - Starting...
2021-05-26 15:52:32,054 INFO com.zaxxer.hikari.HikariDataSource [restartedMain] pool - Start completed.
2021-05-26 15:52:32,069 INFO org.springframework.boot.autoconfigure.h2.H2ConsoleAutoConfiguration [restartedMain] H2 console available at '/h2-console'. Database available at 'jdbc:h2:mem:~/banco'
2021-05-26 15:52:32,297 INFO org.flywaydb.core.internal.logging.slf4j.Slf4jLog [restartedMain] Flyway Community Edition 5.2.1 by Boxfuse
2021-05-26 15:52:32,298 INFO org.flywaydb.core.internal.logging.slf4j.Slf4jLog [restartedMain] Database: jdbc:h2:mem:~/banco (H2 1.4)
2021-05-26 15:52:32,331 INFO org.flywaydb.core.internal.logging.slf4j.Slf4jLog [restartedMain] Successfully validated 1 migration (execution time 00:00.007s)
2021-05-26 15:52:32,334 INFO org.flywaydb.core.internal.logging.slf4j.Slf4jLog [restartedMain] Creating Schema History table: "PUBLIC"."flyway_schema_history"
2021-05-26 15:52:32,343 INFO org.flywaydb.core.internal.logging.slf4j.Slf4jLog [restartedMain] Current version of schema "PUBLIC": << Empty Schema >>
2021-05-26 15:52:32,344 INFO org.flywaydb.core.internal.logging.slf4j.Slf4jLog [restartedMain] Migrating schema "PUBLIC" to version 1.0 - schema
2021-05-26 15:52:32,351 INFO org.flywaydb.core.internal.logging.slf4j.Slf4jLog [restartedMain] Successfully applied 1 migration to schema "PUBLIC" (execution time 00:00.017s)
2021-05-26 15:52:32,552 INFO org.springframework.boot.actuate.endpoint.web.EndpointLinksResolver [restartedMain] Exposing 2 endpoint(s) beneath base path '/actuator'
2021-05-26 15:52:32,603 INFO springfox.documentation.spring.web.PropertySourcedRequestMappingHandlerMapping [restartedMain] Mapped URL path [/v2/api-docs] onto method [springfox.documentation.swagger2.web.Swagger2Controller#getDocumentation(String, HttpServletRequest)]
2021-05-26 15:52:32,636 INFO org.springframework.scheduling.concurrent.ExecutorConfigurationSupport [restartedMain] Initializing ExecutorService 'applicationTaskExecutor'
2021-05-26 15:52:32,655 INFO org.springframework.boot.devtools.autoconfigure.OptionalLiveReloadServer [restartedMain] LiveReload server is running on port 35729
2021-05-26 15:52:32,769 INFO springfox.documentation.spring.web.plugins.DocumentationPluginsBootstrapper [restartedMain] Context refreshed
2021-05-26 15:52:32,780 INFO springfox.documentation.spring.web.plugins.DocumentationPluginsBootstrapper [restartedMain] Found 1 custom documentation plugin(s)
2021-05-26 15:52:32,805 INFO springfox.documentation.spring.web.scanners.ApiListingReferenceScanner [restartedMain] Scanning for api listing references
2021-05-26 15:52:32,911 INFO io.undertow.Undertow [restartedMain] starting server: Undertow - 2.0.29.Final
2021-05-26 15:52:32,916 INFO org.xnio.Xnio [restartedMain] XNIO version 3.3.8.Final
2021-05-26 15:52:32,923 INFO org.xnio.nio.NioXnio [restartedMain] XNIO NIO Implementation Version 3.3.8.Final
2021-05-26 15:52:32,978 INFO org.springframework.boot.web.embedded.undertow.UndertowServletWebServer [restartedMain] Undertow started on port(s) 8082 (http) with context path '/consignaciones'
2021-05-26 15:52:32,980 INFO org.springframework.boot.StartupInfoLogger [restartedMain] Started Application in 2.817 seconds (JVM running for 3.107)
2021-05-26 15:57:02,218 INFO io.undertow.servlet.spec.ServletContextImpl [XNIO-1 task-1] Initializing Spring DispatcherServlet 'dispatcherServlet'
2021-05-26 15:57:02,218 INFO org.springframework.web.servlet.FrameworkServlet [XNIO-1 task-1] Initializing Servlet 'dispatcherServlet'
2021-05-26 15:57:02,223 INFO org.springframework.web.servlet.FrameworkServlet [XNIO-1 task-1] Completed initialization in 5 ms
2021-05-26 20:10:23,070 WARN com.zaxxer.hikari.pool.HikariPool$HouseKeeper [pool housekeeper] pool - Thread starvation or clock leap detected (housekeeper delta=2h59m19s651ms156µs500ns).
